<?xml version="1.0" encoding="UTF-8"?>
<!-- Generated by org.testng.reporters.JUnitReportReporter -->
<testsuite hostname="LAPTOP-N7UD7B5O" failures="0" tests="3" name="WebScrapTest" time="106.765" errors="0" timestamp="2020-10-18T13:16:36 IST" skipped="0">
  <testcase classname="WebScrapTest" name="webScrapeTest" time="25.514"/>
  <system-out/>
  <testcase classname="WebScrapTest" name="webScrapeTest" time="60.853"/>
  <system-out/>
  <testcase classname="WebScrapTest" name="webScrapeTest" time="20.398"/>
  <system-out/>
</testsuite> <!-- WebScrapTest -->
